SocketClientThread Stop!
java.net.ConnectException: Connection refused: /127.0.0.1:18282
        at sun.nio.ch.SocketChannelImpl.checkConnect(Native Method)
        at sun.nio.ch.SocketChannelImpl.finishConnect(SocketChannelImpl.java:717)
        at io.netty.channel.socket.nio.NioSocketChannel.doFinishConnect(NioSocketChannel.java:223)
        at io.netty.channel.nio.AbstractNioChannel$AbstractNioUnsafe.finishConnect(AbstractNioChannel.java:276)
        at io.netty.channel.nio.NioEventLoop.processSelectedKey(NioEventLoop.java:531)
        at io.netty.channel.nio.NioEventLoop.processSelectedKeysOptimized(NioEventLoop.java:471)
        at io.netty.channel.nio.NioEventLoop.processSelectedKeys(NioEventLoop.java:385)
        at io.netty.channel.nio.NioEventLoop.run(NioEventLoop.java:351)
        at io.netty.util.concurrent.SingleThreadEventExecutor$2.run(SingleThreadEventExecutor.java:116)
        at io.netty.util.internal.chmv8.ForkJoinTask$RunnableExecuteAction.exec(ForkJoinTask.java:1412)
        at io.netty.util.internal.chmv8.ForkJoinTask.doExec(ForkJoinTask.java:280)
        at io.netty.util.internal.chmv8.ForkJoinPool$WorkQueue.runTask(ForkJoinPool.java:877)
        at io.netty.util.internal.chmv8.ForkJoinPool.scan(ForkJoinPool.java:1706)
        at io.netty.util.internal.chmv8.ForkJoinPool.runWorker(ForkJoinPool.java:1661)
        at io.netty.util.internal.chmv8.ForkJoinWorkerThread.run(ForkJoinWorkerThread.java:126)
SocketClientThread Stop!
[2016-07-04 18:34:45,871] [ERROR] [Thread-156] [com.sevenga.show.core.log.LoggerAgent.error(LoggerAgent.java:99)] | Connect show chat error | java.net.ConnectException: Connection refused: /127.0.0.1:18282
SocketClientThread Stop!
java.net.ConnectException: Connection refused: /127.0.0.1:18282
        at sun.nio.ch.SocketChannelImpl.checkConnect(Native Method)
        at sun.nio.ch.SocketChannelImpl.finishConnect(SocketChannelImpl.java:717)
        at io.netty.channel.socket.nio.NioSocketChannel.doFinishConnect(NioSocketChannel.java:223)
        at io.netty.channel.nio.AbstractNioChannel$AbstractNioUnsafe.finishConnect(AbstractNioChannel.java:276)
        at io.netty.channel.nio.NioEventLoop.processSelectedKey(NioEventLoop.java:531)
        at io.netty.channel.nio.NioEventLoop.processSelectedKeysOptimized(NioEventLoop.java:471)
        at io.netty.channel.nio.NioEventLoop.processSelectedKeys(NioEventLoop.java:385)
        at io.netty.channel.nio.NioEventLoop.run(NioEventLoop.java:351)
        at io.netty.util.concurrent.SingleThreadEventExecutor$2.run(SingleThreadEventExecutor.java:116)
        at io.netty.util.internal.chmv8.ForkJoinTask$RunnableExecuteAction.exec(ForkJoinTask.java:1412)
        at io.netty.util.internal.chmv8.ForkJoinTask.doExec(ForkJoinTask.java:280)
        at io.netty.util.internal.chmv8.ForkJoinPool$WorkQueue.runTask(ForkJoinPool.java:877)
        at io.netty.util.internal.chmv8.ForkJoinPool.scan(ForkJoinPool.java:1706)
        at io.netty.util.internal.chmv8.ForkJoinPool.runWorker(ForkJoinPool.java:1661)
        at io.netty.util.internal.chmv8.ForkJoinWorkerThread.run(ForkJoinWorkerThread.java:126)
SocketClientThread Stop!
java.net.ConnectException: Connection refused: /127.0.0.1:18282
        at sun.nio.ch.SocketChannelImpl.checkConnect(Native Method)
        at sun.nio.ch.SocketChannelImpl.finishConnect(SocketChannelImpl.java:717)
        at io.netty.channel.socket.nio.NioSocketChannel.doFinishConnect(NioSocketChannel.java:223)
        at io.netty.channel.nio.AbstractNioChannel$AbstractNioUnsafe.finishConnect(AbstractNioChannel.java:276)
        at io.netty.channel.nio.NioEventLoop.processSelectedKey(NioEventLoop.java:531)
        at io.netty.channel.nio.NioEventLoop.processSelectedKeysOptimized(NioEventLoop.java:471)
        at io.netty.channel.nio.NioEventLoop.processSelectedKeys(NioEventLoop.java:385)
        at io.netty.channel.nio.NioEventLoop.run(NioEventLoop.java:351)
        at io.netty.util.concurrent.SingleThreadEventExecutor$2.run(SingleThreadEventExecutor.java:116)
        at io.netty.util.internal.chmv8.ForkJoinTask$RunnableExecuteAction.exec(ForkJoinTask.java:1412)
        at io.netty.util.internal.chmv8.ForkJoinTask.doExec(ForkJoinTask.java:280)
        at io.netty.util.internal.chmv8.ForkJoinPool$WorkQueue.runTask(ForkJoinPool.java:877)
        at io.netty.util.internal.chmv8.ForkJoinPool.scan(ForkJoinPool.java:1706)
        at io.netty.util.internal.chmv8.ForkJoinPool.runWorker(ForkJoinPool.java:1661)
        at io.netty.util.internal.chmv8.ForkJoinWorkerThread.run(ForkJoinWorkerThread.java:126)
SocketClientThread Stop!
[2016-07-04 18:35:45,886] [ERROR] [Thread-159] [com.sevenga.show.core.log.LoggerAgent.error(LoggerAgent.java:99)] | Connect show chat error | java.net.ConnectException: Connection refused: /127.0.0.1:18282
SocketClientThread Stop!
java.net.ConnectException: Connection refused: /127.0.0.1:18282
        at sun.nio.ch.SocketChannelImpl.checkConnect(Native Method)
        at sun.nio.ch.SocketChannelImpl.finishConnect(SocketChannelImpl.java:717)
        at io.netty.channel.socket.nio.NioSocketChannel.doFinishConnect(NioSocketChannel.java:223)
        at io.netty.channel.nio.AbstractNioChannel$AbstractNioUnsafe.finishConnect(AbstractNioChannel.java:276)
        at io.netty.channel.nio.NioEventLoop.processSelectedKey(NioEventLoop.java:531)
        at io.netty.channel.nio.NioEventLoop.processSelectedKeysOptimized(NioEventLoop.java:471)
        at io.netty.channel.nio.NioEventLoop.processSelectedKeys(NioEventLoop.java:385)
        at io.netty.channel.nio.NioEventLoop.run(NioEventLoop.java:351)
        at io.netty.util.concurrent.SingleThreadEventExecutor$2.run(SingleThreadEventExecutor.java:116)
        at io.netty.util.internal.chmv8.ForkJoinTask$RunnableExecuteAction.exec(ForkJoinTask.java:1412)
        at io.netty.util.internal.chmv8.ForkJoinTask.doExec(ForkJoinTask.java:280)
        at io.netty.util.internal.chmv8.ForkJoinPool$WorkQueue.runTask(ForkJoinPool.java:877)
        at io.netty.util.internal.chmv8.ForkJoinPool.scan(ForkJoinPool.java:1706)
        at io.netty.util.internal.chmv8.ForkJoinPool.runWorker(ForkJoinPool.java:1661)
        at io.netty.util.internal.chmv8.ForkJoinWorkerThread.run(ForkJoinWorkerThread.java:126)
SocketClientThread Stop!
java.net.ConnectException: Connection refused: /127.0.0.1:18282
        at sun.nio.ch.SocketChannelImpl.checkConnect(Native Method)
        at sun.nio.ch.SocketChannelImpl.finishConnect(SocketChannelImpl.java:717)
        at io.netty.channel.socket.nio.NioSocketChannel.doFinishConnect(NioSocketChannel.java:223)
        at io.netty.channel.nio.AbstractNioChannel$AbstractNioUnsafe.finishConnect(AbstractNioChannel.java:276)
        at io.netty.channel.nio.NioEventLoop.processSelectedKey(NioEventLoop.java:531)
        at io.netty.channel.nio.NioEventLoop.processSelectedKeysOptimized(NioEventLoop.java:471)
        at io.netty.channel.nio.NioEventLoop.processSelectedKeys(NioEventLoop.java:385)
        at io.netty.channel.nio.NioEventLoop.run(NioEventLoop.java:351)
        at io.netty.util.concurrent.SingleThreadEventExecutor$2.run(SingleThreadEventExecutor.java:116)
        at io.netty.util.internal.chmv8.ForkJoinTask$RunnableExecuteAction.exec(ForkJoinTask.java:1412)
        at io.netty.util.internal.chmv8.ForkJoinTask.doExec(ForkJoinTask.java:280)
        at io.netty.util.internal.chmv8.ForkJoinPool$WorkQueue.runTask(ForkJoinPool.java:877)
        at io.netty.util.internal.chmv8.ForkJoinPool.scan(ForkJoinPool.java:1706)
        at io.netty.util.internal.chmv8.ForkJoinPool.runWorker(ForkJoinPool.java:1661)
        at io.netty.util.internal.chmv8.ForkJoinWorkerThread.run(ForkJoinWorkerThread.java:126)
SocketClientThread Stop!
[2016-07-04 18:36:45,903] [ERROR] [Thread-162] [com.sevenga.show.core.log.LoggerAgent.error(LoggerAgent.java:99)] | Connect show chat error | java.net.ConnectException: Connection refused: /127.0.0.1:18282
SocketClientThread Stop!
java.net.ConnectException: Connection refused: /127.0.0.1:18282
        at sun.nio.ch.SocketChannelImpl.checkConnect(Native Method)
        at sun.nio.ch.SocketChannelImpl.finishConnect(SocketChannelImpl.java:717)
        at io.netty.channel.socket.nio.NioSocketChannel.doFinishConnect(NioSocketChannel.java:223)
        at io.netty.channel.nio.AbstractNioChannel$AbstractNioUnsafe.finishConnect(AbstractNioChannel.java:276)
        at io.netty.channel.nio.NioEventLoop.processSelectedKey(NioEventLoop.java:531)
        at io.netty.channel.nio.NioEventLoop.processSelectedKeysOptimized(NioEventLoop.java:471)
        at io.netty.channel.nio.NioEventLoop.processSelectedKeys(NioEventLoop.java:385)
        at io.netty.channel.nio.NioEventLoop.run(NioEventLoop.java:351)
        at io.netty.util.concurrent.SingleThreadEventExecutor$2.run(SingleThreadEventExecutor.java:116)
        at io.netty.util.internal.chmv8.ForkJoinTask$RunnableExecuteAction.exec(ForkJoinTask.java:1412)
        at io.netty.util.internal.chmv8.ForkJoinTask.doExec(ForkJoinTask.java:280)
        at io.netty.util.internal.chmv8.ForkJoinPool$WorkQueue.runTask(ForkJoinPool.java:877)
        at io.netty.util.internal.chmv8.ForkJoinPool.scan(ForkJoinPool.java:1706)
        at io.netty.util.internal.chmv8.ForkJoinPool.runWorker(ForkJoinPool.java:1661)
        at io.netty.util.internal.chmv8.ForkJoinWorkerThread.run(ForkJoinWorkerThread.java:126)
SocketClientThread Stop!